#
# There is insufficient memory for the Java Runtime Environment to continue.
# Native memory allocation (mmap) failed to map 132120576 bytes for G1 virtual space
# Possible reasons:
#   The system is out of physical RAM or swap space
#   The process is running with CompressedOops enabled, and the Java Heap may be blocking the growth of the native heap
# Possible solutions:
#   Reduce memory load on the system
#   Increase physical memory or swap space
#   Check if swap backing store is full
#   Decrease Java heap size (-Xmx/-Xms)
#   Decrease number of Java threads
#   Decrease Java thread stack sizes (-Xss)
#   Set larger code cache with -XX:ReservedCodeCacheSize=
#   JVM is running with Unscaled Compressed Oops mode in which the Java heap is
#     placed in the first 4GB address space. The Java Heap base address is the
#     maximum limit for the native heap growth. Please use -XX:HeapBaseMinAddress
#     to set the Java Heap base and to place the Java Heap above 4GB virtual address.
# This output file may be truncated or incomplete.
#
#  Out of Memory Error (os_windows.cpp:3548), pid=6432, tid=1924
#
# JRE version:  (17.0.12+8) (build )
# Java VM: Java HotSpot(TM) 64-Bit Server VM (17.0.12+8-LTS-286, mixed mode, sharing, tiered, compressed oops, compressed class ptrs, g1 gc, windows-amd64)
# No core dump will be written. Minidumps are not enabled by default on client versions of Windows
#

---------------  S U M M A R Y ------------

Command Line: -XX:+ShowCodeDetailsInExceptionMessages App

Host: Intel(R) Core(TM) i5-10210U CPU @ 1.60GHz, 8 cores, 7G,  Windows 11 , 64 bit Build 26100 (10.0.26100.4202)
Time: Mon Jun 16 15:21:55 2025  Windows 11 , 64 bit Build 26100 (10.0.26100.4202) elapsed time: 1.060481 seconds (0d 0h 0m 1s)

---------------  T H R E A D  ---------------

Current thread (0x0000016f8bcd6400):  JavaThread "Unknown thread" [_thread_in_vm, id=1924, stack(0x00000067f2d00000,0x00000067f2e00000)]

Stack: [0x00000067f2d00000,0x00000067f2e00000]
Native frames: (J=compiled Java code, j=interpreted, Vv=VM code, C=native code)
V  [jvm.dll+0x67a04a]
V  [jvm.dll+0x7da4ed]
V  [jvm.dll+0x7dbe33]
V  [jvm.dll+0x7dc4a3]
V  [jvm.dll+0x24508f]
V  [jvm.dll+0x677089]
V  [jvm.dll+0x66bd32]
V  [jvm.dll+0x301fa6]
V  [jvm.dll+0x309546]
V  [jvm.dll+0x359d2e]
V  [jvm.dll+0x359f5f]
V  [jvm.dll+0x2d9078]
V  [jvm.dll+0x2d9fe4]
V  [jvm.dll+0x7aca21]
V  [jvm.dll+0x367591]
V  [jvm.dll+0x78b999]
V  [jvm.dll+0x3ec83f]
V  [jvm.dll+0x3ee471]
C  [jli.dll+0x5297]
C  [ucrtbase.dll+0x37b0]
C  [KERNEL32.DLL+0x2e8d7]
C  [ntdll.dll+0x3c34c]


---------------  P R O C E S S  ---------------

Threads class SMR info:
_java_thread_list=0x00007ffed6af7a18, length=0, elements={
}

Java Threads: ( => current thread )

Other Threads:
  0x0000016f8bd2f730 GCTaskThread "GC Thread#0" [stack: 0x00000067f2e00000,0x00000067f2f00000] [id=17852]
  0x0000016f8bd3fec0 ConcurrentGCThread "G1 Main Marker" [stack: 0x00000067f2f00000,0x00000067f3000000] [id=12620]
  0x0000016f8bd407d0 ConcurrentGCThread "G1 Conc#0" [stack: 0x00000067f3000000,0x00000067f3100000] [id=23396]

[error occurred during error reporting (printing all threads), id 0xc0000005, EXCEPTION_ACCESS_VIOLATION (0xc0000005) at pc=0x00007ffed6329b67]

VM state: not at safepoint (not fully initialized)

VM Mutex/Monitor currently owned by a thread:  ([mutex/lock_event])
[0x0000016f8bccec70] Heap_lock - owner thread: 0x0000016f8bcd6400

Heap address: 0x0000000083600000, size: 1994 MB, Compressed Oops mode: 32-bit

CDS archive(s) mapped at: [0x0000000000000000-0x0000000000000000-0x0000000000000000), size 0, SharedBaseAddress: 0x0000000800000000, ArchiveRelocationMode: 1.
Narrow klass base: 0x0000000000000000, Narrow klass shift: 0, Narrow klass range: 0x0

GC Precious Log:
<Empty>

Heap:
 garbage-first heap   total 0K, used 0K [0x0000000083600000, 0x0000000100000000)
  region size 1024K, 0 young (0K), 0 survivors (0K)

[error occurred during error reporting (printing heap information), id 0xc0000005, EXCEPTION_ACCESS_VIOLATION (0xc0000005) at pc=0x00007ffed6713859]

GC Heap History (0 events):
No events

Deoptimization events (0 events):
No events

Classes unloaded (0 events):
No events

Classes redefined (0 events):
No events

Internal exceptions (0 events):
No events

VM Operations (0 events):
No events

Events (1 events):
Event: 0.022 Loaded shared library C:\Program Files\Java\jdk-17\bin\java.dll


Dynamic libraries:
0x00007ff6c9f30000 - 0x00007ff6c9f40000 	C:\Program Files\Java\jdk-17\bin\java.exe
0x00007fff35b20000 - 0x00007fff35d85000 	C:\WINDOWS\SYSTEM32\ntdll.dll
0x00007fff34360000 - 0x00007fff34429000 	C:\WINDOWS\System32\KERNEL32.DLL
0x00007fff32c70000 - 0x00007fff33058000 	C:\WINDOWS\System32\KERNELBASE.dll
0x00007fff33770000 - 0x00007fff338bb000 	C:\WINDOWS\System32\ucrtbase.dll
0x00007fff261d0000 - 0x00007fff261e9000 	C:\Program Files\Java\jdk-17\bin\jli.dll
0x00007fff2bf40000 - 0x00007fff2bf5b000 	C:\Program Files\Java\jdk-17\bin\VCRUNTIME140.dll
0x00007fff346a0000 - 0x00007fff34753000 	C:\WINDOWS\System32\ADVAPI32.dll
0x00007fff35220000 - 0x00007fff352c9000 	C:\WINDOWS\System32\msvcrt.dll
0x00007fff340d0000 - 0x00007fff34176000 	C:\WINDOWS\System32\sechost.dll
0x00007fff33f20000 - 0x00007fff34035000 	C:\WINDOWS\System32\RPCRT4.dll
0x00007fff33d50000 - 0x00007fff33f1a000 	C:\WINDOWS\System32\USER32.dll
0x00007fff33060000 - 0x00007fff33087000 	C:\WINDOWS\System32\win32u.dll
0x00007fff340a0000 - 0x00007fff340cb000 	C:\WINDOWS\System32\GDI32.dll
0x00007fff15720000 - 0x00007fff159ba000 	C:\WINDOWS\WinSxS\amd64_microsoft.windows.common-controls_6595b64144ccf1df_6.0.26100.4202_none_3e0698d4e335f517\COMCTL32.dll
0x00007fff33280000 - 0x00007fff333b7000 	C:\WINDOWS\System32\gdi32full.dll
0x00007fff336c0000 - 0x00007fff33763000 	C:\WINDOWS\System32\msvcp_win.dll
0x00007fff31730000 - 0x00007fff3173b000 	C:\WINDOWS\SYSTEM32\VERSION.dll
0x00007fff34210000 - 0x00007fff34240000 	C:\WINDOWS\System32\IMM32.DLL
0x00007fff20260000 - 0x00007fff203bb000 	C:\WINDOWS\system32\tmumh\20019\AddOn\8.55.0.1368\TmUmEvt64.dll
0x00007fff34180000 - 0x00007fff34188000 	C:\WINDOWS\System32\PSAPI.DLL
0x0000000063fd0000 - 0x00000000640f6000 	C:\WINDOWS\system32\tmumh\20019\TmMon\2.9.0.1215\tmmon64.dll
0x00007fff2bda0000 - 0x00007fff2bdac000 	C:\Program Files\Java\jdk-17\bin\vcruntime140_1.dll
0x00007ffef2f70000 - 0x00007ffef2ffe000 	C:\Program Files\Java\jdk-17\bin\msvcp140.dll
0x00007ffed6040000 - 0x00007ffed6c20000 	C:\Program Files\Java\jdk-17\bin\server\jvm.dll
0x00007fff24e00000 - 0x00007fff24e0a000 	C:\WINDOWS\SYSTEM32\WSOCK32.dll
0x00007fff34190000 - 0x00007fff34204000 	C:\WINDOWS\System32\WS2_32.dll
0x00007fff30600000 - 0x00007fff30635000 	C:\WINDOWS\SYSTEM32\WINMM.dll
0x00007fff31b10000 - 0x00007fff31b2b000 	C:\WINDOWS\SYSTEM32\kernel.appcore.dll
0x00007fff2b620000 - 0x00007fff2b62a000 	C:\Program Files\Java\jdk-17\bin\jimage.dll
0x00007fff303b0000 - 0x00007fff305f1000 	C:\WINDOWS\SYSTEM32\DBGHELP.DLL
0x00007fff339c0000 - 0x00007fff33d45000 	C:\WINDOWS\System32\combase.dll
0x00007fff34f40000 - 0x00007fff35021000 	C:\WINDOWS\System32\OLEAUT32.dll
0x00007fff17820000 - 0x00007fff17859000 	C:\WINDOWS\SYSTEM32\dbgcore.DLL
0x00007fff331e0000 - 0x00007fff33279000 	C:\WINDOWS\System32\bcryptPrimitives.dll
0x00007fff2b380000 - 0x00007fff2b3a5000 	C:\Program Files\Java\jdk-17\bin\java.dll

dbghelp: loaded successfully - version: 4.0.5 - missing functions: none
symbol engine: initialized successfully - sym options: 0x614 - pdb path: .;C:\Program Files\Java\jdk-17\bin;C:\WINDOWS\SYSTEM32;C:\WINDOWS\WinSxS\amd64_microsoft.windows.common-controls_6595b64144ccf1df_6.0.26100.4202_none_3e0698d4e335f517;C:\WINDOWS\system32\tmumh\20019\AddOn\8.55.0.1368;C:\WINDOWS\system32\tmumh\20019\TmMon\2.9.0.1215;C:\Program Files\Java\jdk-17\bin\server

VM Arguments:
jvm_args: -XX:+ShowCodeDetailsInExceptionMessages 
java_command: App
java_class_path (initial): C:\Users\holyd\AppData\Roaming\Code\User\workspaceStorage\87491b9d92315c7706d9199794294a47\redhat.java\jdt_ws\VSCode_Work_c9e40a77\bin
Launcher Type: SUN_STANDARD

[Global flags]
     intx CICompilerCount                          = 4                                         {product} {ergonomic}
     uint ConcGCThreads                            = 2                                         {product} {ergonomic}
     uint G1ConcRefinementThreads                  = 8                                         {product} {ergonomic}
   size_t G1HeapRegionSize                         = 1048576                                   {product} {ergonomic}
    uintx GCDrainStackTargetSize                   = 64                                        {product} {ergonomic}
   size_t InitialHeapSize                          = 132120576                                 {product} {ergonomic}
   size_t MarkStackSize                            = 4194304                                   {product} {ergonomic}
   size_t MaxHeapSize                              = 2090860544                                {product} {ergonomic}
   size_t MinHeapDeltaBytes                        = 1048576                                   {product} {ergonomic}
   size_t MinHeapSize                              = 8388608                                   {product} {ergonomic}
    uintx NonNMethodCodeHeapSize                   = 5839372                                {pd product} {ergonomic}
    uintx NonProfiledCodeHeapSize                  = 122909434                              {pd product} {ergonomic}
    uintx ProfiledCodeHeapSize                     = 122909434                              {pd product} {ergonomic}
    uintx ReservedCodeCacheSize                    = 251658240                              {pd product} {ergonomic}
     bool SegmentedCodeCache                       = true                                      {product} {ergonomic}
     bool ShowCodeDetailsInExceptionMessages       = true                                   {manageable} {command line}
   size_t SoftMaxHeapSize                          = 2090860544                             {manageable} {ergonomic}
     bool UseCompressedClassPointers               = true                           {product lp64_product} {ergonomic}
     bool UseCompressedOops                        = true                           {product lp64_product} {ergonomic}
     bool UseG1GC                                  = true                                      {product} {ergonomic}
     bool UseLargePagesIndividualAllocation        = false                                  {pd product} {ergonomic}

Logging:
Log output configuration:
 #0: stdout all=warning uptime,level,tags
 #1: stderr all=off uptime,level,tags

Environment Variables:
PATH=C:\Program Files\PowerShell\7;C:\Program Files\Common Files\Oracle\Java\javapath;C:\WINDOWS\system32;C:\WINDOWS;C:\WINDOWS\System32\Wbem;C:\WINDOWS\System32\WindowsPowerShell\v1.0\;C:\WINDOWS\System32\OpenSSH\;C:\Program Files\dotnet\;C:\PROGRA~1\JPKI;C:\Program Files\PowerShell\7\;C:\Program Files\Git\cmd;C:\Users\holyd\AppData\Local\Programs\Python\Launcher\;C:\Users\holyd\AppData\Local\Microsoft\WindowsApps;;C:\Users\holyd\AppData\Local\Programs\Microsoft VS Code\bin;c:\Users\holyd\.vscode\extensions\ms-python.debugpy-2025.8.0-win32-x64\bundled\scripts\noConfigScripts
USERNAME=holydiver
LANG=ja_JP.UTF-8
OS=Windows_NT
PROCESSOR_IDENTIFIER=Intel64 Family 6 Model 142 Stepping 12, GenuineIntel



---------------  S Y S T E M  ---------------

OS:
 Windows 11 , 64 bit Build 26100 (10.0.26100.4202)
OS uptime: 3 days 22:09 hours
Hyper-V role detected

CPU: total 8 (initial active 8) (4 cores per cpu, 2 threads per core) family 6 model 142 stepping 12 microcode 0xfe, cx8, cmov, fxsr, ht, mmx, 3dnowpref, sse, sse2, sse3, ssse3, sse4.1, sse4.2, popcnt, lzcnt, tsc, tscinvbit, avx, avx2, aes, erms, clmul, bmi1, bmi2, adx, fma, vzeroupper, clflush, clflushopt, hv

Memory: 4k page, system-wide physical 7973M (487M free)
TotalPageFile size 15973M (AvailPageFile size 29M)
current process WorkingSet (physical memory assigned to process): 16M, peak: 16M
current process commit charge ("private bytes"): 63M, peak: 189M

vm_info: Java HotSpot(TM) 64-Bit Server VM (17.0.12+8-LTS-286) for windows-amd64 JRE (17.0.12+8-LTS-286), built on Jun  5 2024 06:46:59 by "mach5one" with MS VC++ 17.6 (VS2022)

END.
